<?xml version="1.0" encoding="UTF-8"?>
<!-- Generated by org.testng.reporters.JUnitReportReporter -->
<testsuite hostname="DESKTOP-5AMIFTG" failures="0" tests="1" name="cucumber.TestngTestRunner" time="11.861" errors="0" timestamp="2024-06-06T01:18:15 EDT" skipped="0">
  <testcase classname="cucumber.TestngTestRunner" name="runScenario" time="11.861"/>
</testsuite> <!-- cucumber.TestngTestRunner -->
