<?xml version="1.0" encoding="UTF-8"?>
<!-- Generated by org.testng.reporters.JUnitReportReporter -->
<testsuite hostname="DESKTOP-5AMIFTG" failures="0" tests="2" name="RS.RS_new.ErrorValidation" time="15.191" errors="0" timestamp="2024-06-05T01:45:38 EDT" skipped="0">
  <testcase classname="RS.RS_new.ErrorValidation" name="LoginError" time="5.836"/>
  <testcase classname="RS.RS_new.ErrorValidation" name="ProductError" time="9.355"/>
</testsuite> <!-- RS.RS_new.ErrorValidation -->
